<?xml version="1.0" encoding="UTF-8" ?>
<testsuite errors="0" failures="0" hostname="DESKTOP-3J7L79P" name="TestSimulator" skipped="0" tests="3" time="0.053" timestamp="2021-02-25T12:17:46">
  <properties>
[...]
</properties>
  <testcase classname="TestSimulator" name="testingPopFunction" time="0.005" />
  <testcase classname="TestSimulator" name="testingPushFunction" time="0.0" />
  <testcase classname="TestSimulator" name="testingShowFunction" time="0.0" />
  <system-out><![CDATA[]]></system-out>
  <system-err><![CDATA[]]></system-err>
</testsuite>
